  source.c
D:\VisualStudio\Computer_Graphics\CG_WarmingUp_1_3\source.c(31,8): warning C4996: 'strcpy': This function or variable may be unsafe. Consider using strcpy_s instead. To disable deprecation, use _CRT_SECURE_NO_WARNINGS. See online help for details.
D:\VisualStudio\Computer_Graphics\CG_WarmingUp_1_3\source.c(8,13): warning C4996: 'fopen': This function or variable may be unsafe. Consider using fopen_s instead. To disable deprecation, use _CRT_SECURE_NO_WARNINGS. See online help for details.
D:\VisualStudio\Computer_Graphics\CG_WarmingUp_1_3\source.c(38,1): warning C4267: '초기화 중': 'size_t'에서 'int'(으)로 변환하면서 데이터가 손실될 수 있습니다.
D:\VisualStudio\Computer_Graphics\CG_WarmingUp_1_3\source.c(50,1): warning C4267: '초기화 중': 'size_t'에서 'int'(으)로 변환하면서 데이터가 손실될 수 있습니다.
D:\VisualStudio\Computer_Graphics\CG_WarmingUp_1_3\source.c(91,1): warning C4267: '초기화 중': 'size_t'에서 'int'(으)로 변환하면서 데이터가 손실될 수 있습니다.
D:\VisualStudio\Computer_Graphics\CG_WarmingUp_1_3\source.c(129,12): warning C4013: 'isNum'이(가) 정의되지 않았습니다. extern은 int형을 반환하는 것으로 간주합니다.
D:\VisualStudio\Computer_Graphics\CG_WarmingUp_1_3\source.c(125,1): warning C4267: '초기화 중': 'size_t'에서 'int'(으)로 변환하면서 데이터가 손실될 수 있습니다.
D:\VisualStudio\Computer_Graphics\CG_WarmingUp_1_3\source.c(127,16): warning C4996: 'strtok': This function or variable may be unsafe. Consider using strtok_s instead. To disable deprecation, use _CRT_SECURE_NO_WARNINGS. See online help for details.
D:\VisualStudio\Computer_Graphics\CG_WarmingUp_1_3\source.c(134,11): warning C4996: 'strtok': This function or variable may be unsafe. Consider using strtok_s instead. To disable deprecation, use _CRT_SECURE_NO_WARNINGS. See online help for details.
D:\VisualStudio\Computer_Graphics\CG_WarmingUp_1_3\source.c(164,15): warning C4013: 'isdigit'이(가) 정의되지 않았습니다. extern은 int형을 반환하는 것으로 간주합니다.
D:\VisualStudio\Computer_Graphics\CG_WarmingUp_1_3\source.c(177,57): warning C4047: '함수': 'const char *'의 간접 참조 수준이 'char **'과(와) 다릅니다.
D:\VisualStudio\Computer_Graphics\CG_WarmingUp_1_3\source.c(177,57): warning C4024: 'strlen': 형식 및 실제 매개 변수 1의 형식이 서로 다릅니다.
D:\VisualStudio\Computer_Graphics\CG_WarmingUp_1_3\source.c(229,11): warning C4477: 'printf' : 서식 문자열 '%d'에 'int' 형식의 인수가 필요하지만 variadic 인수 2의 형식이 'size_t'입니다.
D:\VisualStudio\Computer_Graphics\CG_WarmingUp_1_3\source.c(229,11): message : 서식 문자열에서 '%zd'을(를) 사용하는 것이 좋습니다.
D:\VisualStudio\Computer_Graphics\CG_WarmingUp_1_3\source.c(189,1): warning C4244: '초기화 중': '__int64'에서 'int'(으)로 변환하면서 데이터가 손실될 수 있습니다.
D:\VisualStudio\Computer_Graphics\CG_WarmingUp_1_3\source.c(193,4): warning C4996: 'strncpy': This function or variable may be unsafe. Consider using strncpy_s instead. To disable deprecation, use _CRT_SECURE_NO_WARNINGS. See online help for details.
D:\VisualStudio\Computer_Graphics\CG_WarmingUp_1_3\source.c(220,5): warning C4996: 'strncpy': This function or variable may be unsafe. Consider using strncpy_s instead. To disable deprecation, use _CRT_SECURE_NO_WARNINGS. See online help for details.
D:\VisualStudio\Computer_Graphics\CG_WarmingUp_1_3\source.c(250,3): warning C4996: 'scanf': This function or variable may be unsafe. Consider using scanf_s instead. To disable deprecation, use _CRT_SECURE_NO_WARNINGS. See online help for details.
D:\VisualStudio\Computer_Graphics\CG_WarmingUp_1_3\source.c(269,3): warning C4996: 'scanf': This function or variable may be unsafe. Consider using scanf_s instead. To disable deprecation, use _CRT_SECURE_NO_WARNINGS. See online help for details.
D:\VisualStudio\Computer_Graphics\CG_WarmingUp_1_3\source.c(284,4): warning C4996: 'scanf': This function or variable may be unsafe. Consider using scanf_s instead. To disable deprecation, use _CRT_SECURE_NO_WARNINGS. See online help for details.
  코드를 생성하고 있습니다.
  Previous IPDB not found, fall back to full compilation.
  All 17 functions were compiled because no usable IPDB/IOBJ from previous compilation was found.
  코드를 생성했습니다.
  CG_WarmingUp_1_3.vcxproj -> D:\VisualStudio\Computer_Graphics\CG_WarmingUp_1_3\x64\Release\CG_WarmingUp_1_3.exe
